app/build/outputs/logs/manifest-merger-debug-report.txt
-- Merging decision tree log ---
manifest
ADDED from src/main/AndroidManifest.xml:2:1-374:12
	package
		ADDED from src/main/AndroidManifest.xml:3:5-46
		INJECTED from src/main/AndroidManifest.xml
		INJECTED from src/main/AndroidManifest.xml
	android:versionName
		ADDED from src/main/AndroidManifest.xml:5:5-36
		INJECTED from src/main/AndroidManifest.xml
		INJECTED from src/main/AndroidManifest.xml
	android:versionCode
		ADDED from src/main/AndroidManifest.xml:4:5-29
		INJECTED from src/main/AndroidManifest.xml
		INJECTED from src/main/AndroidManifest.xml
	xmlns:android
		ADDED from src/main/AndroidManifest.xml:2:11-69
uses-sdk
ADDED from src/main/AndroidManifest.xml:7:5-74
MERGED from [com.android.support:appcompat-v7:19.1.0] AndroidManifest.xml:18:5-42
	android:targetSdkVersion
		ADDED from src/main/AndroidManifest.xml:7:42-71
		INJECTED from src/main/AndroidManifest.xml
		INJECTED from src/main/AndroidManifest.xml
	android:minSdkVersion
		ADDED from src/main/AndroidManifest.xml:7:15-41
		INJECTED from src/main/AndroidManifest.xml
		INJECTED from src/main/AndroidManifest.xml
uses-permission#android.permission.READ_SMS
ADDED from src/main/AndroidManifest.xml:9:5-67
	android:name
		ADDED from src/main/AndroidManifest.xml:9:22-64
uses-permission#android.permission.WRITE_SMS
ADDED from src/main/AndroidManifest.xml:10:5-68
	android:name
		ADDED from src/main/AndroidManifest.xml:10:22-65
uses-permission#android.permission.SEND_SMS
ADDED from src/main/AndroidManifest.xml:11:5-66
	android:name
		ADDED from src/main/AndroidManifest.xml:11:22-64
uses-permission#android.permission.RECEIVE_SMS
ADDED from src/main/AndroidManifest.xml:12:5-69
	android:name
		ADDED from src/main/AndroidManifest.xml:12:22-67
uses-permission#android.permission.READ_CONTACTS
ADDED from src/main/AndroidManifest.xml:13:5-72
	android:name
		ADDED from src/main/AndroidManifest.xml:13:22-69
uses-permission#android.permission.WRITE_CONTACTS
ADDED from src/main/AndroidManifest.xml:14:5-73
	android:name
		ADDED from src/main/AndroidManifest.xml:14:22-70
uses-permission#android.permission.READ_LOGS
ADDED from src/main/AndroidManifest.xml:15:5-67
	android:name
		ADDED from src/main/AndroidManifest.xml:15:22-65
uses-permission#android.permission.READ_CALL_LOG
ADDED from src/main/AndroidManifest.xml:16:5-71
	android:name
		ADDED from src/main/AndroidManifest.xml:16:22-69
uses-permission#android.permission.WRITE_CALL_LOG
ADDED from src/main/AndroidManifest.xml:17:5-72
	android:name
		ADDED from src/main/AndroidManifest.xml:17:22-70
uses-permission#android.permission.CALL_PHONE
ADDED from src/main/AndroidManifest.xml:18:5-69
	android:name
		ADDED from src/main/AndroidManifest.xml:18:22-66
uses-permission#android.permission.RECORD_AUDIO
ADDED from src/main/AndroidManifest.xml:19:5-71
	android:name
		ADDED from src/main/AndroidManifest.xml:19:22-68
uses-permission#android.permission.MODIFY_AUDIO_SETTINGS
ADDED from src/main/AndroidManifest.xml:20:5-80
	android:name
		ADDED from src/main/AndroidManifest.xml:20:22-77
uses-permission#android.permission.VIBRATE
ADDED from src/main/AndroidManifest.xml:21:5-65
	android:name
		ADDED from src/main/AndroidManifest.xml:21:22-63
uses-permission#android.permission.PROCESS_OUTGOING_CALLS
ADDED from src/main/AndroidManifest.xml:22:5-80
	android:name
		ADDED from src/main/AndroidManifest.xml:22:22-78
uses-permission#android.permission.READ_PHONE_STATE
ADDED from src/main/AndroidManifest.xml:23:5-75
	android:name
		ADDED from src/main/AndroidManifest.xml:23:22-72
uses-permission#android.permission.INTERNET
ADDED from src/main/AndroidManifest.xml:24:5-67
	android:name
		ADDED from src/main/AndroidManifest.xml:24:22-64
uses-permission#android.permission.ACCESS_NETWORK_STATE
ADDED from src/main/AndroidManifest.xml:25:5-78
	android:name
		ADDED from src/main/AndroidManifest.xml:25:22-76
uses-permission#android.permission.CHANGE_WIFI_STATE
ADDED from src/main/AndroidManifest.xml:26:5-75
	android:name
		ADDED from src/main/AndroidManifest.xml:26:22-73
uses-permission#android.permission.ACCESS_WIFI_STATE
ADDED from src/main/AndroidManifest.xml:27:5-75
	android:name
		ADDED from src/main/AndroidManifest.xml:27:22-73
uses-permission#android.permission.WRITE_SETTINGS
ADDED from src/main/AndroidManifest.xml:28:5-72
	android:name
		ADDED from src/main/AndroidManifest.xml:28:22-70
uses-permission#android.permission.WRITE_EXTERNAL_STORAGE
ADDED from src/main/AndroidManifest.xml:29:5-81
	android:name
		ADDED from src/main/AndroidManifest.xml:29:22-78
uses-permission#android.permission.READ_EXTERNAL_STORAGE
ADDED from src/main/AndroidManifest.xml:30:5-80
	android:name
		ADDED from src/main/AndroidManifest.xml:30:22-77
uses-permission#android.permission.GET_TASKS
ADDED from src/main/AndroidManifest.xml:31:5-67
	android:name
		ADDED from src/main/AndroidManifest.xml:31:22-65
uses-permission#android.permission.WAKE_LOCK
ADDED from src/main/AndroidManifest.xml:32:5-68
	android:name
		ADDED from src/main/AndroidManifest.xml:32:22-65
uses-permission#android.permission.SYSTEM_ALERT_WINDOW
ADDED from src/main/AndroidManifest.xml:33:5-77
	android:name
		ADDED from src/main/AndroidManifest.xml:33:22-75
uses-permission#android.permission.BLUETOOTH
ADDED from src/main/AndroidManifest.xml:34:2-64
	android:name
		ADDED from src/main/AndroidManifest.xml:34:19-62
uses-permission#android.permission.BLUETOOTH_ADMIN
ADDED from src/main/AndroidManifest.xml:35:2-70
	android:name
		ADDED from src/main/AndroidManifest.xml:35:19-68
uses-feature#android.hardware.bluetooth
ADDED from src/main/AndroidManifest.xml:37:2-85
	android:required
		ADDED from src/main/AndroidManifest.xml:37:58-82
	android:name
		ADDED from src/main/AndroidManifest.xml:37:16-57
uses-feature#android.hardware.telephony
ADDED from src/main/AndroidManifest.xml:38:5-87
	android:required
		ADDED from src/main/AndroidManifest.xml:38:61-85
	android:name
		ADDED from src/main/AndroidManifest.xml:38:19-60
uses-feature#android.hardware.microphone
ADDED from src/main/AndroidManifest.xml:39:2-85
	android:required
		ADDED from src/main/AndroidManifest.xml:39:59-83
	android:name
		ADDED from src/main/AndroidManifest.xml:39:16-58
supports-screens
ADDED from src/main/AndroidManifest.xml:41:5-46:41
	android:largeScreens
		ADDED from src/main/AndroidManifest.xml:44:14-41
	android:smallScreens
		ADDED from src/main/AndroidManifest.xml:42:14-41
	android:normalScreens
		ADDED from src/main/AndroidManifest.xml:43:14-42
	android:xlargeScreens
		ADDED from src/main/AndroidManifest.xml:45:14-42
	android:resizeable
		ADDED from src/main/AndroidManifest.xml:41:23-48
	android:anyDensity
		ADDED from src/main/AndroidManifest.xml:46:14-39
application
ADDED from src/main/AndroidManifest.xml:48:5-373:19
MERGED from [com.android.support:appcompat-v7:19.1.0] AndroidManifest.xml:19:5-20
	android:label
		ADDED from src/main/AndroidManifest.xml:51:9-41
	android:allowBackup
		ADDED from src/main/AndroidManifest.xml:49:9-35
	android:icon
		ADDED from src/main/AndroidManifest.xml:50:9-45
	android:theme
		ADDED from src/main/AndroidManifest.xml:52:9-40
activity#ar.com.lrusso.blindcommunicator.Main
ADDED from src/main/AndroidManifest.xml:54:9-66:20
	android:label
		ADDED from src/main/AndroidManifest.xml:56:13-56
	android:launchMode
		ADDED from src/main/AndroidManifest.xml:55:13-44
	android:configChanges
		ADDED from src/main/AndroidManifest.xml:58:13-74
	android:theme
		ADDED from src/main/AndroidManifest.xml:59:13-71
	android:name
		ADDED from src/main/AndroidManifest.xml:57:13-64
intent-filter#android.intent.action.MAIN+android.intent.category.DEFAULT+android.intent.category.HOME+android.intent.category.LAUNCHER
ADDED from src/main/AndroidManifest.xml:60:13-65:29
action#android.intent.action.MAIN
ADDED from src/main/AndroidManifest.xml:61:17-69
	android:name
		ADDED from src/main/AndroidManifest.xml:61:25-66
category#android.intent.category.DEFAULT
ADDED from src/main/AndroidManifest.xml:62:14-73
	android:name
		ADDED from src/main/AndroidManifest.xml:62:24-70
category#android.intent.category.HOME
ADDED from src/main/AndroidManifest.xml:63:14-70
	android:name
		ADDED from src/main/AndroidManifest.xml:63:24-67
category#android.intent.category.LAUNCHER
ADDED from src/main/AndroidManifest.xml:64:17-77
	android:name
		ADDED from src/main/AndroidManifest.xml:64:27-74
activity#ar.com.lrusso.blindcommunicator.BookmarksList
ADDED from src/main/AndroidManifest.xml:68:9-73:73
	android:label
		ADDED from src/main/AndroidManifest.xml:70:13-56
	android:launchMode
		ADDED from src/main/AndroidManifest.xml:69:13-44
	android:configChanges
		ADDED from src/main/AndroidManifest.xml:72:13-74
	android:theme
		ADDED from src/main/AndroidManifest.xml:73:13-71
	android:name
		ADDED from src/main/AndroidManifest.xml:71:13-73
activity#ar.com.lrusso.blindcommunicator.BookmarksDelete
ADDED from src/main/AndroidManifest.xml:75:9-80:73
	android:label
		ADDED from src/main/AndroidManifest.xml:77:13-56
	android:launchMode
		ADDED from src/main/AndroidManifest.xml:76:13-44
	android:configChanges
		ADDED from src/main/AndroidManifest.xml:79:13-74
	android:theme
		ADDED from src/main/AndroidManifest.xml:80:13-71
	android:name
		ADDED from src/main/AndroidManifest.xml:78:13-75
activity#ar.com.lrusso.blindcommunicator.Browser
ADDED from src/main/AndroidManifest.xml:82:9-87:73
	android:label
		ADDED from src/main/AndroidManifest.xml:84:13-56
	android:launchMode
		ADDED from src/main/AndroidManifest.xml:83:13-44
	android:configChanges
		ADDED from src/main/AndroidManifest.xml:86:13-74
	android:theme
		ADDED from src/main/AndroidManifest.xml:87:13-71
	android:name
		ADDED from src/main/AndroidManifest.xml:85:13-67
activity#ar.com.lrusso.blindcommunicator.BrowserPageViewer
ADDED from src/main/AndroidManifest.xml:89:9-94:73
	android:label
		ADDED from src/main/AndroidManifest.xml:91:13-56
	android:launchMode
		ADDED from src/main/AndroidManifest.xml:90:13-44
	android:configChanges
		ADDED from src/main/AndroidManifest.xml:93:13-74
	android:theme
		ADDED from src/main/AndroidManifest.xml:94:13-71
	android:name
		ADDED from src/main/AndroidManifest.xml:92:13-77
activity#ar.com.lrusso.blindcommunicator.Applications
ADDED from src/main/AndroidManifest.xml:96:3-101:73
	android:label
		ADDED from src/main/AndroidManifest.xml:98:13-56
	android:launchMode
		ADDED from src/main/AndroidManifest.xml:97:13-44
	android:configChanges
		ADDED from src/main/AndroidManifest.xml:100:13-74
	android:theme
		ADDED from src/main/AndroidManifest.xml:101:13-71
	android:name
		ADDED from src/main/AndroidManifest.xml:99:13-72
activity#ar.com.lrusso.blindcommunicator.VoiceRecorder
ADDED from src/main/AndroidManifest.xml:103:3-108:73
	android:label
		ADDED from src/main/AndroidManifest.xml:105:13-56
	android:launchMode
		ADDED from src/main/AndroidManifest.xml:104:13-44
	android:configChanges
		ADDED from src/main/AndroidManifest.xml:107:13-74
	android:theme
		ADDED from src/main/AndroidManifest.xml:108:13-71
	android:name
		ADDED from src/main/AndroidManifest.xml:106:13-73
activity#ar.com.lrusso.blindcommunicator.VoiceRecorderCreate
ADDED from src/main/AndroidManifest.xml:110:3-115:73
	android:label
		ADDED from src/main/AndroidManifest.xml:112:13-56
	android:launchMode
		ADDED from src/main/AndroidManifest.xml:111:13-44
	android:configChanges
		ADDED from src/main/AndroidManifest.xml:114:13-74
	android:theme
		ADDED from src/main/AndroidManifest.xml:115:13-71
	android:name
		ADDED from src/main/AndroidManifest.xml:113:13-79
activity#ar.com.lrusso.blindcommunicator.VoiceRecorderList
ADDED from src/main/AndroidManifest.xml:117:3-122:73
	android:label
		ADDED from src/main/AndroidManifest.xml:119:13-56
	android:launchMode
		ADDED from src/main/AndroidManifest.xml:118:13-44
	android:configChanges
		ADDED from src/main/AndroidManifest.xml:121:13-74
	android:theme
		ADDED from src/main/AndroidManifest.xml:122:13-71
	android:name
		ADDED from src/main/AndroidManifest.xml:120:13-77
activity#ar.com.lrusso.blindcommunicator.VoiceRecorderDelete
ADDED from src/main/AndroidManifest.xml:124:3-129:73
	android:label
		ADDED from src/main/AndroidManifest.xml:126:13-56
	android:launchMode
		ADDED from src/main/AndroidManifest.xml:125:13-44
	android:configChanges
		ADDED from src/main/AndroidManifest.xml:128:13-74
	android:theme
		ADDED from src/main/AndroidManifest.xml:129:13-71
	android:name
		ADDED from src/main/AndroidManifest.xml:127:13-79
activity#ar.com.lrusso.blindcommunicator.Alarms
ADDED from src/main/AndroidManifest.xml:131:9-136:73
	android:label
		ADDED from src/main/AndroidManifest.xml:133:13-56
	android:launchMode
		ADDED from src/main/AndroidManifest.xml:132:13-44
	android:configChanges
		ADDED from src/main/AndroidManifest.xml:135:13-74
	android:theme
		ADDED from src/main/AndroidManifest.xml:136:13-71
	android:name
		ADDED from src/main/AndroidManifest.xml:134:13-66
activity#ar.com.lrusso.blindcommunicator.AlarmsList
ADDED from src/main/AndroidManifest.xml:138:9-143:73
	android:label
		ADDED from src/main/AndroidManifest.xml:140:13-56
	android:launchMode
		ADDED from src/main/AndroidManifest.xml:139:13-44
	android:configChanges
		ADDED from src/main/AndroidManifest.xml:142:13-74
	android:theme
		ADDED from src/main/AndroidManifest.xml:143:13-71
	android:name
		ADDED from src/main/AndroidManifest.xml:141:13-70
activity#ar.com.lrusso.blindcommunicator.AlarmsCreate
ADDED from src/main/AndroidManifest.xml:145:9-150:73
	android:label
		ADDED from src/main/AndroidManifest.xml:147:13-56
	android:launchMode
		ADDED from src/main/AndroidManifest.xml:146:13-44
	android:configChanges
		ADDED from src/main/AndroidManifest.xml:149:13-74
	android:theme
		ADDED from src/main/AndroidManifest.xml:150:13-71
	android:name
		ADDED from src/main/AndroidManifest.xml:148:13-72
activity#ar.com.lrusso.blindcommunicator.AlarmsDelete
ADDED from src/main/AndroidManifest.xml:152:9-157:73
	android:label
		ADDED from src/main/AndroidManifest.xml:154:13-56
	android:launchMode
		ADDED from src/main/AndroidManifest.xml:153:13-44
	android:configChanges
		ADDED from src/main/AndroidManifest.xml:156:13-74
	android:theme
		ADDED from src/main/AndroidManifest.xml:157:13-71
	android:name
		ADDED from src/main/AndroidManifest.xml:155:13-72
activity#ar.com.lrusso.blindcommunicator.AlarmsDeleteAll
ADDED from src/main/AndroidManifest.xml:159:9-164:73
	android:label
		ADDED from src/main/AndroidManifest.xml:161:13-56
	android:launchMode
		ADDED from src/main/AndroidManifest.xml:160:13-44
	android:configChanges
		ADDED from src/main/AndroidManifest.xml:163:13-74
	android:theme
		ADDED from src/main/AndroidManifest.xml:164:13-71
	android:name
		ADDED from src/main/AndroidManifest.xml:162:13-75
activity#ar.com.lrusso.blindcommunicator.AlarmsNotifier
ADDED from src/main/AndroidManifest.xml:166:9-171:73
	android:label
		ADDED from src/main/AndroidManifest.xml:168:13-56
	android:launchMode
		ADDED from src/main/AndroidManifest.xml:167:13-43
	android:configChanges
		ADDED from src/main/AndroidManifest.xml:170:13-74
	android:theme
		ADDED from src/main/AndroidManifest.xml:171:13-71
	android:name
		ADDED from src/main/AndroidManifest.xml:169:13-74
activity#ar.com.lrusso.blindcommunicator.Settings
ADDED from src/main/AndroidManifest.xml:173:9-178:73
	android:label
		ADDED from src/main/AndroidManifest.xml:175:13-56
	android:launchMode
		ADDED from src/main/AndroidManifest.xml:174:13-44
	android:configChanges
		ADDED from src/main/AndroidManifest.xml:177:13-74
	android:theme
		ADDED from src/main/AndroidManifest.xml:178:13-71
	android:name
		ADDED from src/main/AndroidManifest.xml:176:13-68
activity#ar.com.lrusso.blindcommunicator.MusicPlayer
ADDED from src/main/AndroidManifest.xml:180:9-185:73
	android:label
		ADDED from src/main/AndroidManifest.xml:182:13-56
	android:launchMode
		ADDED from src/main/AndroidManifest.xml:181:13-44
	android:configChanges
		ADDED from src/main/AndroidManifest.xml:184:13-74
	android:theme
		ADDED from src/main/AndroidManifest.xml:185:13-71
	android:name
		ADDED from src/main/AndroidManifest.xml:183:13-71
activity#ar.com.lrusso.blindcommunicator.MusicPlayerArtists
ADDED from src/main/AndroidManifest.xml:187:9-192:73
	android:label
		ADDED from src/main/AndroidManifest.xml:189:13-56
	android:launchMode
		ADDED from src/main/AndroidManifest.xml:188:13-44
	android:configChanges
		ADDED from src/main/AndroidManifest.xml:191:13-74
	android:theme
		ADDED from src/main/AndroidManifest.xml:192:13-71
	android:name
		ADDED from src/main/AndroidManifest.xml:190:13-78
activity#ar.com.lrusso.blindcommunicator.Messages
ADDED from src/main/AndroidManifest.xml:194:9-199:73
	android:label
		ADDED from src/main/AndroidManifest.xml:196:13-56
	android:launchMode
		ADDED from src/main/AndroidManifest.xml:195:13-44
	android:configChanges
		ADDED from src/main/AndroidManifest.xml:198:13-74
	android:theme
		ADDED from src/main/AndroidManifest.xml:199:13-71
	android:name
		ADDED from src/main/AndroidManifest.xml:197:13-68
activity#ar.com.lrusso.blindcommunicator.MessagesInbox
ADDED from src/main/AndroidManifest.xml:201:9-206:73
	android:label
		ADDED from src/main/AndroidManifest.xml:203:13-56
	android:launchMode
		ADDED from src/main/AndroidManifest.xml:202:13-44
	android:configChanges
		ADDED from src/main/AndroidManifest.xml:205:13-74
	android:theme
		ADDED from src/main/AndroidManifest.xml:206:13-71
	android:name
		ADDED from src/main/AndroidManifest.xml:204:13-73
activity#ar.com.lrusso.blindcommunicator.MessagesSent
ADDED from src/main/AndroidManifest.xml:208:9-213:73
	android:label
		ADDED from src/main/AndroidManifest.xml:210:13-56
	android:launchMode
		ADDED from src/main/AndroidManifest.xml:209:13-44
	android:configChanges
		ADDED from src/main/AndroidManifest.xml:212:13-74
	android:theme
		ADDED from src/main/AndroidManifest.xml:213:13-71
	android:name
		ADDED from src/main/AndroidManifest.xml:211:13-72
activity#ar.com.lrusso.blindcommunicator.MessagesSentDeleteAll
ADDED from src/main/AndroidManifest.xml:215:9-220:73
	android:label
		ADDED from src/main/AndroidManifest.xml:217:13-56
	android:launchMode
		ADDED from src/main/AndroidManifest.xml:216:13-44
	android:configChanges
		ADDED from src/main/AndroidManifest.xml:219:13-74
	android:theme
		ADDED from src/main/AndroidManifest.xml:220:13-71
	android:name
		ADDED from src/main/AndroidManifest.xml:218:13-81
activity#ar.com.lrusso.blindcommunicator.MessagesCompose
ADDED from src/main/AndroidManifest.xml:222:9-227:73
	android:label
		ADDED from src/main/AndroidManifest.xml:224:13-56
	android:launchMode
		ADDED from src/main/AndroidManifest.xml:223:13-44
	android:configChanges
		ADDED from src/main/AndroidManifest.xml:226:13-74
	android:theme
		ADDED from src/main/AndroidManifest.xml:227:13-71
	android:name
		ADDED from src/main/AndroidManifest.xml:225:13-75
activity#ar.com.lrusso.blindcommunicator.MessagesDelete
ADDED from src/main/AndroidManifest.xml:229:9-234:73
	android:label
		ADDED from src/main/AndroidManifest.xml:231:13-56
	android:launchMode
		ADDED from src/main/AndroidManifest.xml:230:13-44
	android:configChanges
		ADDED from src/main/AndroidManifest.xml:233:13-74
	android:theme
		ADDED from src/main/AndroidManifest.xml:234:13-71
	android:name
		ADDED from src/main/AndroidManifest.xml:232:13-74
activity#ar.com.lrusso.blindcommunicator.MessagesInboxDeleteAll
ADDED from src/main/AndroidManifest.xml:236:9-241:73
	android:label
		ADDED from src/main/AndroidManifest.xml:238:13-56
	android:launchMode
		ADDED from src/main/AndroidManifest.xml:237:13-44
	android:configChanges
		ADDED from src/main/AndroidManifest.xml:240:13-74
	android:theme
		ADDED from src/main/AndroidManifest.xml:241:13-71
	android:name
		ADDED from src/main/AndroidManifest.xml:239:13-82
activity#ar.com.lrusso.blindcommunicator.Calls
ADDED from src/main/AndroidManifest.xml:243:9-248:73
	android:label
		ADDED from src/main/AndroidManifest.xml:245:13-56
	android:launchMode
		ADDED from src/main/AndroidManifest.xml:244:13-44
	android:configChanges
		ADDED from src/main/AndroidManifest.xml:247:13-74
	android:theme
		ADDED from src/main/AndroidManifest.xml:248:13-71
	android:name
		ADDED from src/main/AndroidManifest.xml:246:13-65
activity#ar.com.lrusso.blindcommunicator.CallsMake
ADDED from src/main/AndroidManifest.xml:250:9-255:73
	android:label
		ADDED from src/main/AndroidManifest.xml:252:13-56
	android:launchMode
		ADDED from src/main/AndroidManifest.xml:251:13-44
	android:configChanges
		ADDED from src/main/AndroidManifest.xml:254:13-74
	android:theme
		ADDED from src/main/AndroidManifest.xml:255:13-71
	android:name
		ADDED from src/main/AndroidManifest.xml:253:13-69
activity#ar.com.lrusso.blindcommunicator.CallsLogs
ADDED from src/main/AndroidManifest.xml:257:9-262:73
	android:label
		ADDED from src/main/AndroidManifest.xml:259:13-56
	android:launchMode
		ADDED from src/main/AndroidManifest.xml:258:13-44
	android:configChanges
		ADDED from src/main/AndroidManifest.xml:261:13-74
	android:theme
		ADDED from src/main/AndroidManifest.xml:262:13-71
	android:name
		ADDED from src/main/AndroidManifest.xml:260:13-69
activity#ar.com.lrusso.blindcommunicator.CallsLogsDelete
ADDED from src/main/AndroidManifest.xml:264:9-269:73
	android:label
		ADDED from src/main/AndroidManifest.xml:266:13-56
	android:launchMode
		ADDED from src/main/AndroidManifest.xml:265:13-44
	android:configChanges
		ADDED from src/main/AndroidManifest.xml:268:13-74
	android:theme
		ADDED from src/main/AndroidManifest.xml:269:13-71
	android:name
		ADDED from src/main/AndroidManifest.xml:267:13-75
activity#ar.com.lrusso.blindcommunicator.Contacts
ADDED from src/main/AndroidManifest.xml:271:9-276:73
	android:label
		ADDED from src/main/AndroidManifest.xml:273:13-56
	android:launchMode
		ADDED from src/main/AndroidManifest.xml:272:13-44
	android:configChanges
		ADDED from src/main/AndroidManifest.xml:275:13-74
	android:theme
		ADDED from src/main/AndroidManifest.xml:276:13-71
	android:name
		ADDED from src/main/AndroidManifest.xml:274:13-68
activity#ar.com.lrusso.blindcommunicator.ContactsCreate
ADDED from src/main/AndroidManifest.xml:278:9-283:73
	android:label
		ADDED from src/main/AndroidManifest.xml:280:13-56
	android:launchMode
		ADDED from src/main/AndroidManifest.xml:279:13-44
	android:configChanges
		ADDED from src/main/AndroidManifest.xml:282:13-74
	android:theme
		ADDED from src/main/AndroidManifest.xml:283:13-71
	android:name
		ADDED from src/main/AndroidManifest.xml:281:13-74
activity#ar.com.lrusso.blindcommunicator.ContactsDelete
ADDED from src/main/AndroidManifest.xml:285:9-290:73
	android:label
		ADDED from src/main/AndroidManifest.xml:287:13-56
	android:launchMode
		ADDED from src/main/AndroidManifest.xml:286:13-44
	android:configChanges
		ADDED from src/main/AndroidManifest.xml:289:13-74
	android:theme
		ADDED from src/main/AndroidManifest.xml:290:13-71
	android:name
		ADDED from src/main/AndroidManifest.xml:288:13-74
activity#ar.com.lrusso.blindcommunicator.ContactsList
ADDED from src/main/AndroidManifest.xml:292:9-297:73
	android:label
		ADDED from src/main/AndroidManifest.xml:294:13-56
	android:launchMode
		ADDED from src/main/AndroidManifest.xml:293:13-44
	android:configChanges
		ADDED from src/main/AndroidManifest.xml:296:13-74
	android:theme
		ADDED from src/main/AndroidManifest.xml:297:13-71
	android:name
		ADDED from src/main/AndroidManifest.xml:295:13-72
activity#ar.com.lrusso.blindcommunicator.InputKeyboard
ADDED from src/main/AndroidManifest.xml:299:9-304:73
	android:label
		ADDED from src/main/AndroidManifest.xml:301:13-56
	android:launchMode
		ADDED from src/main/AndroidManifest.xml:300:13-44
	android:configChanges
		ADDED from src/main/AndroidManifest.xml:303:13-74
	android:theme
		ADDED from src/main/AndroidManifest.xml:304:13-71
	android:name
		ADDED from src/main/AndroidManifest.xml:302:13-73
activity#ar.com.lrusso.blindcommunicator.InputKeyboardTalkback
ADDED from src/main/AndroidManifest.xml:306:9-312:57
	android:label
		ADDED from src/main/AndroidManifest.xml:308:13-56
	android:launchMode
		ADDED from src/main/AndroidManifest.xml:307:13-44
	android:windowSoftInputMode
		ADDED from src/main/AndroidManifest.xml:312:13-55
	android:configChanges
		ADDED from src/main/AndroidManifest.xml:310:13-74
	android:theme
		ADDED from src/main/AndroidManifest.xml:311:13-71
	android:name
		ADDED from src/main/AndroidManifest.xml:309:13-81
activity#ar.com.lrusso.blindcommunicator.InputVoice
ADDED from src/main/AndroidManifest.xml:314:9-319:73
	android:label
		ADDED from src/main/AndroidManifest.xml:316:13-56
	android:launchMode
		ADDED from src/main/AndroidManifest.xml:315:13-44
	android:configChanges
		ADDED from src/main/AndroidManifest.xml:318:13-74
	android:theme
		ADDED from src/main/AndroidManifest.xml:319:13-71
	android:name
		ADDED from src/main/AndroidManifest.xml:317:13-70
service#ar.com.lrusso.blindcommunicator.BlindCommunicatorService
ADDED from src/main/AndroidManifest.xml:321:9-114
	android:enabled
		ADDED from src/main/AndroidManifest.xml:321:18-40
	android:name
		ADDED from src/main/AndroidManifest.xml:321:41-112
receiver#ar.com.lrusso.blindcommunicator.AlarmsReceiver
ADDED from src/main/AndroidManifest.xml:323:9-327:20
	android:name
		ADDED from src/main/AndroidManifest.xml:323:19-80
intent-filter#AR.COM.LRUSSO.BLINDCOMMUNICATOR.ALARM
ADDED from src/main/AndroidManifest.xml:324:13-326:29
action#AR.COM.LRUSSO.BLINDCOMMUNICATOR.ALARM
ADDED from src/main/AndroidManifest.xml:325:17-79
	android:name
		ADDED from src/main/AndroidManifest.xml:325:25-77
receiver#ar.com.lrusso.blindcommunicator.SmsReceiver
ADDED from src/main/AndroidManifest.xml:330:9-335:20
	android:permission
		ADDED from src/main/AndroidManifest.xml:331:17-70
	android:name
		ADDED from src/main/AndroidManifest.xml:330:19-46
intent-filter#android.provider.Telephony.SMS_DELIVER
ADDED from src/main/AndroidManifest.xml:332:13-334:29
action#android.provider.Telephony.SMS_DELIVER
ADDED from src/main/AndroidManifest.xml:333:17-81
	android:name
		ADDED from src/main/AndroidManifest.xml:333:25-78
receiver#ar.com.lrusso.blindcommunicator.MmsReceiver
ADDED from src/main/AndroidManifest.xml:338:9-344:20
	android:permission
		ADDED from src/main/AndroidManifest.xml:339:13-71
	android:name
		ADDED from src/main/AndroidManifest.xml:338:19-46
intent-filter#android.provider.Telephony.WAP_PUSH_DELIVER
ADDED from src/main/AndroidManifest.xml:340:13-343:29
action#android.provider.Telephony.WAP_PUSH_DELIVER
ADDED from src/main/AndroidManifest.xml:341:17-86
	android:name
		ADDED from src/main/AndroidManifest.xml:341:25-83
data
ADDED from src/main/AndroidManifest.xml:342:17-76
	android:mimeType
		ADDED from src/main/AndroidManifest.xml:342:23-73
activity#ar.com.lrusso.blindcommunicator.ComposeSmsActivity
ADDED from src/main/AndroidManifest.xml:347:9-358:20
	android:name
		ADDED from src/main/AndroidManifest.xml:347:19-53
intent-filter#android.intent.action.SEND+android.intent.action.SENDTO+android.intent.category.BROWSABLE+android.intent.category.DEFAULT
ADDED from src/main/AndroidManifest.xml:348:13-357:29
action#android.intent.action.SEND
ADDED from src/main/AndroidManifest.xml:349:17-69
	android:name
		ADDED from src/main/AndroidManifest.xml:349:25-66
action#android.intent.action.SENDTO
ADDED from src/main/AndroidManifest.xml:350:17-71
	android:name
		ADDED from src/main/AndroidManifest.xml:350:25-68
category#android.intent.category.BROWSABLE
ADDED from src/main/AndroidManifest.xml:352:17-78
	android:name
		ADDED from src/main/AndroidManifest.xml:352:27-75
service#ar.com.lrusso.blindcommunicator.HeadlessSmsSendService
ADDED from src/main/AndroidManifest.xml:361:9-372:19
	android:exported
		ADDED from src/main/AndroidManifest.xml:363:18-41
	android:permission
		ADDED from src/main/AndroidManifest.xml:362:18-82
	android:name
		ADDED from src/main/AndroidManifest.xml:361:18-56
intent-filter#android.intent.action.RESPOND_VIA_MESSAGE+android.intent.category.DEFAULT
ADDED from src/main/AndroidManifest.xml:364:13-371:29
action#android.intent.action.RESPOND_VIA_MESSAGE
ADDED from src/main/AndroidManifest.xml:365:17-84
	android:name
		ADDED from src/main/AndroidManifest.xml:365:25-81